<?xml version="1.0" encoding="UTF-8"?>
<!-- Generated by org.testng.reporters.JUnitReportReporter -->
<testsuite hostname="Shafkats-MBP.fios-router.home" failures="0" tests="2" name="com.phptravels.testCases.UserAccountTest" time="8.016" errors="0" timestamp="2021-09-01T21:23:57 EDT" skipped="0">
  <testcase classname="com.phptravels.testCases.UserAccountTest" name="addUsers" time="0.602"/>
  <system-out/>
  <testcase classname="com.phptravels.testCases.UserAccountTest" name="deleteUsers" time="7.414"/>
  <system-out/>
</testsuite> <!-- com.phptravels.testCases.UserAccountTest -->
